           _________________________________________________________
          |                                                         |
          |       _/_/_/_/                                          |
          |      _/      _/                  _/_/_/_/_/_/           |
          |     _/      _/  _/      _/   _/      _/      _/_/_/_/_/ |
          |    _/_/_/_/    _/      _/   _/      _/      _/          |
          |   _/          _/_/_/_/_/   _/      _/       _/_/_/_/    |
          |  _/          _/      _/   _/      _/              _/    |
          | _/          _/      _/   _/      _/      _/_/_/_/_/     |
          |                                                         |
          |                                                         |
          |       Particle and Heavy Ion Transport code System      |
          |                      Version =  2.880                   |
          |                         made by                         |
          |                                                         |
          |                       Koji NIITA,                       |
          |           Research Organization for Information         |
          |                    Science & Technology                 |
          |                                                         |
          |  Tatsuhiko SATO, Yousuke IWAMOTO, Shintaro HASHIMOTO,   |
          |    Tatsuhiko OGAWA, Takuya FURUTA, Shinichiro ABE,      |
          |   Takeshi KAI, Norihiro MATSUDA, Hiroshi NAKASHIMA,     |
          |     Tokio FUKAHORI, Keisuke OKUMURA, Tetsuya KAI,       |
          |                 Japan Atomic Energy Agency              |
          |                                                         |
          |                      Hiroshi IWASE,                     |
          |                           KEK                           |
          |                                                         |
          |                      Satoshi CHIBA,                     |
          |               Tokyo Institute of Technology             |
          |                                                         |
          |                           and                           |
          |                                                         |
          |                      Lembit SIHVER,                     |
          |                Technische Universitat Wien              |
          |                                                         |
          |                 Last Revised  2016-09-29                |
          |_________________________________________________________|

                 _____________ [ Job Title ] ____________ 
                |                                        |
                |  Sample input using [counter] section  |
                |________________________________________|

                        Starting Date = 2016-12-10
                        Starting Time = 00h 15m 14

>>> Input Echo >>>=============================================================

[ T i t l e ]
Sample input using [counter] section

[ P a r a m e t e r s ]
 icntl    =           0     # (D=0) 3:ECH 5:NOR 6:SRC 7,8:GSH 11:DSH 12:DUMP
 maxcas   =      100000     # (D=10) number of particles per one batch
 maxbch   =           1     # (D=10) number of batches
 emin(1)  = 1.000000000E-02 # (D=1.0) cut-off energy of proton (MeV)
 emin(2)  = 1.000000000E-10 # (D=1.0) cut-off energy of neutron (MeV)
 emin(6)  = 1.000000000E-02 # (D=1.0) cut-off energy of muon+ (MeV)
 emin(7)  = 1.000000000E-02 # (D=1.0) cut-off energy of muon- (MeV)
 dmax(2)  =  20.0000000     # (D=emin(2)) data max. energy of neutron (MeV)
 emin(12) = 1.000000000E-02 # (D=1.d9) cut-off energy of electron (MeV)
 emin(13) = 1.000000000E-02 # (D=1.d9) cut-off energy of positron (MeV)
 emin(14) = 1.000000000E-03 # (D=1.d9) cut-off energy of photon (MeV)
 dmax(12) =  1000.00000     # (D=emin(12)) data max. energy of electron (MeV)
 dmax(13) =  1000.00000     # (D=emin(13)) data max. energy of positron (MeV)
 dmax(14) =  1000.00000     # (D=emin(14)) data max. energy of photon (MeV)
 e-mode   =           2     # (D=0) 0: Normal, 1: Event generator mode Ver.1, 2: Ver.2
 itall    =           1     # (D=0) 0:no tally at batch, 1:same, 2:different
 negs     =           1     # (D=0) =1 EGS photon and electron
 file(6)  = phits.out       # (D=phits.out) general output file name
 file(7)  = c:/phits/data/xsdir.jnd # (D=c:/phits/data/xsdir.jnd) nuclear data input file name
 file(20) = c:/phits/XS/egs # (D=c:/phits/XS/egs) EGS library data folder name

[ S o u r c e ]
  totfact =   1.0000        # (D=1.0) global factor
   s-type = 100             # user defined source.

[ M a t e r i a l ]
MAT[ 1 ] 
           Al         1.0000000E+00

[ C e l l ]
 1          0                 -1 
 2          0                 1 -999 
 99        -1                 999 

[ S u r f a c e ]
  1           so     1.0000000E+01
  999         so     1.0000000E+02

[ T - T r a c k ]
    title = Track Detection in reg mesh
     mesh =  reg            # mesh type is region-wise
      reg = 1
   volume                   # combined, lattice or level structure 
   non     reg      vol     # reg definition
    1        1   4.1888E+03 # 1
   e-type =    3            # e-mesh is log given by emin, emax and ne
     emin =  1.0000000E-02  # minimum value of e-mesh points
     emax =   1000000.      # maximum value of e-mesh points
#    edel =  0.2046742      # mesh width of e-mesh points
       ne =   90            # number of e-mesh points
#    data = ( e(i), i = 1, ne + 1 )
#           1.00000E-02  1.22713E-02  1.50584E-02  1.84785E-02  2.26754E-02
#           2.78256E-02  3.41455E-02  4.19008E-02  5.14175E-02  6.30957E-02
#           7.74264E-02  9.50119E-02  1.16591E-01  1.43072E-01  1.75568E-01
#           2.15443E-01  2.64376E-01  3.24423E-01  3.98107E-01  4.88527E-01
#           5.99484E-01  7.35642E-01  9.02725E-01  1.10776E+00  1.35936E+00
#           1.66810E+00  2.04697E+00  2.51189E+00  3.08240E+00  3.78249E+00
#           4.64159E+00  5.69581E+00  6.98947E+00  8.57696E+00  1.05250E+01
#           1.29155E+01  1.58489E+01  1.94486E+01  2.38659E+01  2.92864E+01
#           3.59381E+01  4.41006E+01  5.41170E+01  6.64083E+01  8.14913E+01
#           1.00000E+02  1.22713E+02  1.50584E+02  1.84785E+02  2.26754E+02
#           2.78256E+02  3.41455E+02  4.19008E+02  5.14175E+02  6.30957E+02
#           7.74264E+02  9.50119E+02  1.16591E+03  1.43072E+03  1.75568E+03
#           2.15443E+03  2.64376E+03  3.24423E+03  3.98107E+03  4.88527E+03
#           5.99484E+03  7.35642E+03  9.02725E+03  1.10776E+04  1.35936E+04
#           1.66810E+04  2.04697E+04  2.51189E+04  3.08240E+04  3.78249E+04
#           4.64159E+04  5.69581E+04  6.98947E+04  8.57696E+04  1.05250E+05
#           1.29155E+05  1.58489E+05  1.94486E+05  2.38659E+05  2.92864E+05
#           3.59381E+05  4.41006E+05  5.41170E+05  6.64083E+05  8.14913E+05
#           1.00000E+06
     unit =    2            # unit is [1/cm^2/MeV/source]
 material =  all            # (D=all) number of specific material
     axis =  eng            # axis of output
     file = track_reg.out   # file name of output for the above axis
     part =  all      
# kf/name :  0        
   epsout =    1            # (D=0) generate eps file by ANGEL
#    used :        main (  %)        temp (  %)       total (  %)
#  memory :          99 (  0)           0 (  0)          99 (  0)

[END] of Input Echo <<<========================================================

<<< Report of real Geometry memory >>>
*           GG/CG memory =       79
*     total memory: mdas = 80000000
*                percent =     0.00 %

<<< Report of material memory for high energy>>>
*   high energy material =       77
*     total memory: mdas = 80000000
*                percent =     0.00 %

<<< Report of material memory for low energy>>>
*    low energy material =    64397
*     total memory: mdas = 80000000
*                percent =     0.08 %

<<< Report of real tally memory >>>
*      real tally memory =       99
*     total memory: mdas = 80000000
*                percent =     0.00 %

<<< Report of temporary tally memory >>>
* temporary tally memory =    61154
*     total memory: mdas = 80000000
*                percent =     0.08 %

<<< Report of other memory >>>
*           other memory =     1503
*     total memory: mdas = 80000000
*                percent =     0.00 %

<<< Report of total memory >>>
*      used total memory =    66155
*     total memory: mdas = 80000000
*                percent =     0.08 %
*                ---------------------

-------------------------------------------------------------------------------
bat[       1] ncas =         100000. : rijk    =   6647299061401.
       low neutron =              0. : ncall/s =  8.546080000E+00
          cpu time =   0.900 s.

===============================================================================

 Summary for the end of job

-------------------------------------------------------------------------------
 number of analyz call vs ncol
-------------------------------------------------------------------------------
     ncol          number
        1              1.   : start of calculation            
        2              1.   : end of calculation              
        3              1.   : end of a batch                  
        4         100000.   : source                          
        5              0.   : detection of geometry error/warn
        6              0.   : recovery from geometry warning  
        7              0.   : termination by geometry error   
        8              0.   : termination by weight cut-off   
        9              0.   : termination by time cut-off     
       10         200000.   : geometry boundary crossing      
       11              0.   : termination by energy cut-off   
       12         100000.   : termination by escape or leakage
       13              0.   : reaction : (n,x) type           
       14              0.   : reaction : (n,n'x) type         
       15              0.   : sequential transport for tally  

-------------------------------------------------------------------------------
 List of transport particles
-------------------------------------------------------------------------------
     Name      kf-code        mass       charge   baryon

-------------------------------------------------------------------------------
 leak. particles       number        weight        weight per source
-------------------------------------------------------------------------------
     proton           100000.     1.0000000E+05     1.0000000E+00

-------------------------------------------------------------------------------
 source: maxcas    maxbch      irskip   average weight          total source
-------------------------------------------------------------------------------
      100000           1           0    1.0000000E+00    1.0000000000000E+05

-------------------------------------------------------------------------------
 CG error summary
-------------------------------------------------------------------------------
 Number of lost particles     =     0 / nlost =       10
 Number of geometry recovering =     0
 Number of unrecovered errors =     0

-------------------------------------------------------------------------------
      initial random seed =   6647299061401.0
 next initial random seed = 261566935209241.0

-------------------------------------------------------------------------------
 job termination date : 2016/12/10
                 time :   00:15:16

-------------------------------------------------------------------------------
    CPU time and number of event called in PHITS
-------------------------------------------------------------------------------

                             sec
total cpu time =            1.65


                           count
      analysis =         400001.  : data processing
         nevap =              0.  : evaporation
        dexgam =              0.  : de-excitation
         nreac =              0.  : nuclear reaction
         dklos =              0.  : particle decay
         hydro =              0.  : nucleon-nucleon scattering
        n-data =              0.  : neutron data library
        h-data =              0.  : proton data library
        p-data =              0.  : photon data library
        e-data =              0.  : electron data library
        p-egs5 =              0.  : photon interaction with EGS5
        e-egs5 =              0.  : electron interaction with EGS5
     photonucl =              0.  : photo-nuclear reaction
       mu-reac =              0.  : muon-induced nuclear reaction
       mu-brem =              0.  : muon-induced bremsstrahlung
       mu-pprd =              0.  : muon-induced pair production
        mu-cap =              0.  : muon capture in nucleus
         elast =              0.  : elastic scattering
         ncasc =              0.  : nuclear reaction model

       bertini =              0.  : Bertini model
        isobar =              0.  : isobar model
           JAM =              0.  : JAM model
           QMD =              0.  : JQMD model
        JAMQMD =              0.  : JAMQMD model
          INCL =              0.  : INCL model
        INCELF =              0.  : INCELF model

>>> Citation Request >>>=======================================================

 This execution uses model(s) that must be explicitly cited in addition to
 the PHITS original document: T.Sato et al., J.Nucl.Sci.Technol.50, 913-923 (2013).
 Please refer the following document(s) in your publication using this result

 The EGS5 code:
    H. Hirayama et al., SLAC-R-730 (2005) and KEK Report 2005-8 (2005)

 END 
